# JRE version: Java(TM) SE Runtime Environment (21.0.2+13) (build 21.0.2+13-LTS-58)
# Java VM: Java HotSpot(TM) 64-Bit Server VM (21.0.2+13-LTS-58, mixed mode, sharing, tiered, compressed oops, compressed class ptrs, g1 gc, windows-amd64)
GC Precious Log:
 CardTable entry size: 512
 Card Set container configuration: InlinePtr #cards 4 size 8 Array Of Cards #cards 16 size 48 Howl #buckets 8 coarsen threshold 3686 Howl Bitmap #cards 512 size 80 coarsen threshold 460 Card regions per heap region 1 cards per card region 4096
 CPUs: 4 total, 4 available
 Memory: 12083M
 Large Page Support: Disabled
 NUMA Support: Disabled
 Compressed Oops: Enabled (Zero based)
 Heap Region Size: 2M
 Heap Min Capacity: 8M
 Heap Initial Capacity: 190M
 Heap Max Capacity: 3022M
 Pre-touch: Disabled
 Parallel Workers: 4
 Concurrent Workers: 1
 Concurrent Refinement Workers: 4
 Periodic GC: Disabled
Heap:
 garbage-first heap   total 133120K, used 91127K [0x0000000743200000, 0x0000000800000000)
  region size 2048K, 11 young (22528K), 2 survivors (4096K)
 Metaspace       used 35046K, committed 35520K, reserved 1114112K
  class space    used 3888K, committed 4096K, reserved 1048576K
GC Heap History (20 events):
Event: 1.979 GC heap before
{Heap before GC invocations=2 (full 0):
 garbage-first heap   total 194560K, used 43094K [0x0000000743200000, 0x0000000800000000)
  region size 2048K, 21 young (43008K), 1 survivors (2048K)
 Metaspace       used 12237K, committed 12480K, reserved 1114112K
  class space    used 1442K, committed 1536K, reserved 1048576K
}
Event: 1.984 GC heap after
{Heap after GC invocations=3 (full 0):
 garbage-first heap   total 194560K, used 7022K [0x0000000743200000, 0x0000000800000000)
  region size 2048K, 2 young (4096K), 2 survivors (4096K)
 Metaspace       used 12237K, committed 12480K, reserved 1114112K
  class space    used 1442K, committed 1536K, reserved 1048576K
}
Event: 4.564 GC heap before
{Heap before GC invocations=3 (full 0):
 garbage-first heap   total 194560K, used 119662K [0x0000000743200000, 0x0000000800000000)
  region size 2048K, 57 young (116736K), 2 survivors (4096K)
 Metaspace       used 17281K, committed 17536K, reserved 1114112K
  class space    used 1942K, committed 2048K, reserved 1048576K
}
Event: 4.583 GC heap after
{Heap after GC invocations=4 (full 0):
 garbage-first heap   total 194560K, used 16828K [0x0000000743200000, 0x0000000800000000)
  region size 2048K, 7 young (14336K), 7 survivors (14336K)
 Metaspace       used 17281K, committed 17536K, reserved 1114112K
  class space    used 1942K, committed 2048K, reserved 1048576K
}
Event: 6.141 GC heap before
{Heap before GC invocations=4 (full 0):
 garbage-first heap   total 194560K, used 55740K [0x0000000743200000, 0x0000000800000000)
  region size 2048K, 27 young (55296K), 7 survivors (14336K)
 Metaspace       used 21260K, committed 21504K, reserved 1114112K
  class space    used 2384K, committed 2496K, reserved 1048576K
}
Event: 6.157 GC heap after
{Heap after GC invocations=5 (full 0):
 garbage-first heap   total 194560K, used 18226K [0x0000000743200000, 0x0000000800000000)
  region size 2048K, 2 young (4096K), 2 survivors (4096K)
 Metaspace       used 21260K, committed 21504K, reserved 1114112K
  class space    used 2384K, committed 2496K, reserved 1048576K
}
Event: 7.390 GC heap before
{Heap before GC invocations=6 (full 0):
 garbage-first heap   total 90112K, used 75570K [0x0000000743200000, 0x0000000800000000)
  region size 2048K, 26 young (53248K), 2 survivors (4096K)
 Metaspace       used 27351K, committed 27712K, reserved 1114112K
  class space    used 3084K, committed 3264K, reserved 1048576K
}
Event: 7.413 GC heap after
{Heap after GC invocations=7 (full 0):
 garbage-first heap   total 98304K, used 42879K [0x0000000743200000, 0x0000000800000000)
  region size 2048K, 4 young (8192K), 4 survivors (8192K)
 Metaspace       used 27351K, committed 27712K, reserved 1114112K
  class space    used 3084K, committed 3264K, reserved 1048576K
}
Event: 8.013 GC heap before
{Heap before GC invocations=7 (full 0):
 garbage-first heap   total 98304K, used 77695K [0x0000000743200000, 0x0000000800000000)
  region size 2048K, 21 young (43008K), 4 survivors (8192K)
 Metaspace       used 28684K, committed 29120K, reserved 1114112K
  class space    used 3186K, committed 3392K, reserved 1048576K
}
Event: 8.043 GC heap after
{Heap after GC invocations=8 (full 0):
 garbage-first heap   total 98304K, used 48180K [0x0000000743200000, 0x0000000800000000)
  region size 2048K, 3 young (6144K), 3 survivors (6144K)
 Metaspace       used 28684K, committed 29120K, reserved 1114112K
  class space    used 3186K, committed 3392K, reserved 1048576K
}
Event: 8.592 GC heap before
{Heap before GC invocations=8 (full 0):
 garbage-first heap   total 98304K, used 78900K [0x0000000743200000, 0x0000000800000000)
  region size 2048K, 19 young (38912K), 3 survivors (6144K)
 Metaspace       used 30065K, committed 30528K, reserved 1114112K
  class space    used 3355K, committed 3584K, reserved 1048576K
}
Event: 8.605 GC heap after
{Heap after GC invocations=9 (full 0):
 garbage-first heap   total 120832K, used 49964K [0x0000000743200000, 0x0000000800000000)
  region size 2048K, 1 young (2048K), 1 survivors (2048K)
 Metaspace       used 30065K, committed 30528K, reserved 1114112K
  class space    used 3355K, committed 3584K, reserved 1048576K
}
Event: 10.005 GC heap before
{Heap before GC invocations=9 (full 0):
 garbage-first heap   total 120832K, used 101164K [0x0000000743200000, 0x0000000800000000)
  region size 2048K, 25 young (51200K), 1 survivors (2048K)
 Metaspace       used 32204K, committed 32640K, reserved 1114112K
  class space    used 3582K, committed 3776K, reserved 1048576K
}
Event: 10.025 GC heap after
{Heap after GC invocations=10 (full 0):
 garbage-first heap   total 120832K, used 61181K [0x0000000743200000, 0x0000000800000000)
  region size 2048K, 4 young (8192K), 4 survivors (8192K)
 Metaspace       used 32204K, committed 32640K, reserved 1114112K
  class space    used 3582K, committed 3776K, reserved 1048576K
}
Event: 10.452 GC heap before
{Heap before GC invocations=10 (full 0):
 garbage-first heap   total 120832K, used 98045K [0x0000000743200000, 0x0000000800000000)
  region size 2048K, 23 young (47104K), 4 survivors (8192K)
 Metaspace       used 32223K, committed 32640K, reserved 1114112K
  class space    used 3582K, committed 3776K, reserved 1048576K
}
Event: 10.484 GC heap after
{Heap after GC invocations=11 (full 0):
 garbage-first heap   total 122880K, used 75352K [0x0000000743200000, 0x0000000800000000)
  region size 2048K, 3 young (6144K), 3 survivors (6144K)
 Metaspace       used 32223K, committed 32640K, reserved 1114112K
  class space    used 3582K, committed 3776K, reserved 1048576K
}
Event: 11.024 GC heap before
{Heap before GC invocations=11 (full 0):
 garbage-first heap   total 122880K, used 99928K [0x0000000743200000, 0x0000000800000000)
  region size 2048K, 16 young (32768K), 3 survivors (6144K)
 Metaspace       used 33204K, committed 33600K, reserved 1114112K
  class space    used 3697K, committed 3904K, reserved 1048576K
}
Event: 11.032 GC heap after
{Heap after GC invocations=12 (full 0):
 garbage-first heap   total 122880K, used 77824K [0x0000000743200000, 0x0000000800000000)
  region size 2048K, 1 young (2048K), 1 survivors (2048K)
 Metaspace       used 33204K, committed 33600K, reserved 1114112K
  class space    used 3697K, committed 3904K, reserved 1048576K
}
Event: 11.736 GC heap before
{Heap before GC invocations=13 (full 0):
 garbage-first heap   total 133120K, used 100352K [0x0000000743200000, 0x0000000800000000)
  region size 2048K, 14 young (28672K), 1 survivors (2048K)
 Metaspace       used 32719K, committed 33152K, reserved 1114112K
  class space    used 3629K, committed 3840K, reserved 1048576K
}
Event: 11.743 GC heap after
{Heap after GC invocations=14 (full 0):
 garbage-first heap   total 133120K, used 74743K [0x0000000743200000, 0x0000000800000000)
  region size 2048K, 2 young (4096K), 2 survivors (4096K)
 Metaspace       used 32719K, committed 33152K, reserved 1114112K
  class space    used 3629K, committed 3840K, reserved 1048576K
}

